{"C:\\Users\\m_pau\\Documents\\Code\\Blog\\mongoose-literal-examples\\src\\models\\product.js": {"path":"C:\\Users\\m_pau\\Documents\\Code\\Blog\\mongoose-literal-examples\\src\\models\\product.js","statementMap":{"0":{"start":{"line":3,"column":17},"end":{"line":3,"column":36}},"1":{"start":{"line":8,"column":22},"end":{"line":16,"column":2}},"2":{"start":{"line":18,"column":0},"end":{"line":18,"column":58}}},"fnMap":{},"branchMap":{},"s":{"0":1,"1":1,"2":1},"f":{},"b":{},"_coverageSchema":"1a1c01bbd47fc00a2c39e90264f33305004495a9","hash":"acdf51511f285bbd0cb6b3d633040eb9e158c9a7"}
,"C:\\Users\\m_pau\\Documents\\Code\\Blog\\mongoose-literal-examples\\tests\\db-handler.js": {"path":"C:\\Users\\m_pau\\Documents\\Code\\Blog\\mongoose-literal-examples\\tests\\db-handler.js","statementMap":{"0":{"start":{"line":3,"column":17},"end":{"line":3,"column":36}},"1":{"start":{"line":4,"column":30},"end":{"line":4,"column":62}},"2":{"start":{"line":6,"column":15},"end":{"line":6,"column":38}},"3":{"start":{"line":11,"column":0},"end":{"line":22,"column":2}},"4":{"start":{"line":12,"column":16},"end":{"line":12,"column":50}},"5":{"start":{"line":14,"column":25},"end":{"line":19,"column":5}},"6":{"start":{"line":21,"column":4},"end":{"line":21,"column":46}},"7":{"start":{"line":27,"column":0},"end":{"line":31,"column":2}},"8":{"start":{"line":28,"column":4},"end":{"line":28,"column":45}},"9":{"start":{"line":29,"column":4},"end":{"line":29,"column":38}},"10":{"start":{"line":30,"column":4},"end":{"line":30,"column":24}},"11":{"start":{"line":36,"column":0},"end":{"line":43,"column":2}},"12":{"start":{"line":37,"column":24},"end":{"line":37,"column":55}},"13":{"start":{"line":39,"column":4},"end":{"line":42,"column":5}},"14":{"start":{"line":40,"column":27},"end":{"line":40,"column":43}},"15":{"start":{"line":41,"column":8},"end":{"line":41,"column":38}}},"fnMap":{"0":{"name":"(anonymous_0)","decl":{"start":{"line":11,"column":25},"end":{"line":11,"column":26}},"loc":{"start":{"line":11,"column":37},"end":{"line":22,"column":1}},"line":11},"1":{"name":"(anonymous_1)","decl":{"start":{"line":27,"column":31},"end":{"line":27,"column":32}},"loc":{"start":{"line":27,"column":43},"end":{"line":31,"column":1}},"line":27},"2":{"name":"(anonymous_2)","decl":{"start":{"line":36,"column":31},"end":{"line":36,"column":32}},"loc":{"start":{"line":36,"column":43},"end":{"line":43,"column":1}},"line":36}},"branchMap":{},"s":{"0":1,"1":1,"2":1,"3":1,"4":1,"5":1,"6":1,"7":1,"8":1,"9":1,"10":1,"11":1,"12":4,"13":4,"14":4,"15":4},"f":{"0":1,"1":1,"2":4},"b":{},"_coverageSchema":"1a1c01bbd47fc00a2c39e90264f33305004495a9","hash":"a14ae26d3a02b0d3e0e8753263ddf24f69659884"}
}
